In file included from ../src/unix/pty.cc:20:
In file included from ../../nan/nan.h:184:
../../nan/nan_maybe_43_inl.h:221:17: warning: 'CloneElementAt' is deprecated [-Wdeprecated-declarations]
  return array->CloneElementAt(GetCurrentContext(), index);
                ^
/Users/work/.atom/.node-gyp/.node-gyp/iojs-1.3.13/deps/v8/include/v8.h:3032:36: note: 'CloneElementAt' has been explicitly marked deprecated here
                MaybeLocal<Object> CloneElementAt(Local<Context> context,
                                   ^
In file included from ../src/unix/pty.cc:20:
In file included from ../../nan/nan.h:190:
In file included from ../../nan/nan_new.h:189:
../../nan/nan_implementation_12_inl.h:40:29: warning: 'New' is deprecated [-Wdeprecated-declarations]
  return v8::BooleanObject::New(value).As<v8::BooleanObject>();
                            ^
/Users/work/.atom/.node-gyp/.node-gyp/iojs-1.3.13/deps/v8/include/v8.h:4011:56: note: 'New' has been explicitly marked deprecated here
  V8_DEPRECATED("Pass an isolate", static Local<Value> New(bool value));
                                                       ^
In file included from ../src/unix/pty.cc:20:
../../nan/nan.h:592:20: error: no type named 'GCEpilogueCallback' in 'v8::Isolate'
      v8::Isolate::GCEpilogueCallback callback
      ~~~~~~~~~~~~~^
../../nan/nan.h:598:20: error: no type named 'GCEpilogueCallback' in 'v8::Isolate'
      v8::Isolate::GCEpilogueCallback callback) {
      ~~~~~~~~~~~~~^
../../nan/nan.h:603:20: error: no type named 'GCPrologueCallback' in 'v8::Isolate'
      v8::Isolate::GCPrologueCallback callback
      ~~~~~~~~~~~~~^
../../nan/nan.h:609:20: error: no type named 'GCPrologueCallback' in 'v8::Isolate'
      v8::Isolate::GCPrologueCallback callback) {
      ~~~~~~~~~~~~~^
../../nan/nan.h:1933:15: warning: 'SetAccessor' is deprecated [-Wdeprecated-declarations]
  return obj->SetAccessor(
              ^
/Users/work/.atom/.node-gyp/.node-gyp/iojs-1.3.13/deps/v8/include/v8.h:2742:22: note: 'SetAccessor' has been explicitly marked deprecated here
                bool SetAccessor(Local<Name> name,
                     ^
3 warnings and 4 errors generated.
make: *** [Release/obj.target/pty/src/unix/pty.o] Error 1
gyp ERR! build error 
gyp ERR! stack Error: `make` failed with exit code: 2
gyp ERR! stack     at ChildProcess.onExit (/Applications/Atom.app/Contents/Resources/app/apm/node_modules/node-gyp/lib/build.js:276:23)
gyp ERR! stack     at emitTwo (events.js:87:13)
gyp ERR! stack     at ChildProcess.emit (events.js:172:7)
gyp ERR! stack     at Process.ChildProcess._handle.onexit (internal/child_process.js:200:12)
gyp ERR! System Darwin 16.4.0
gyp ERR! command "/Applications/Atom.app/Contents/Resources/app/apm/bin/node" "/Applications/Atom.app/Contents/Resources/app/apm/node_modules/.bin/node-gyp" "rebuild"
gyp ERR! cwd /private/var/folders/1h/zf6dbr3x6zdd_yzl1r98ygxm0000gp/T/apm-install-dir-117211-17739-1qtuiqg/node_modules/terminal-plus/node_modules/pty.js
gyp ERR! node -v v4.4.5
gyp ERR! node-gyp -v v3.4.0
gyp ERR! not ok 
